This is pdfTeX, Version 3.141592653-2.6-1.40.23 (MiKTeX 21.10) (preloaded format=pdflatex 2021.11.11)  24 NOV 2021 23:53
entering extended mode
**"./exercise 6.tex"
(exercise 6.tex
LaTeX2e <2021-06-01> patch level 1
L3 programming layer <2021-10-18>
(C:\Users\Udonna\AppData\Local\Programs\MiKTeX\tex/latex/base\article.cls
Document Class: article 2021/02/12 v1.4n Standard LaTeX document class
(C:\Users\Udonna\AppData\Local\Programs\MiKTeX\tex/latex/base\size10.clo
File: size10.clo 2021/02/12 v1.4n Standard LaTeX file (size option)
)
\c@part=\count182
\c@section=\count183
\c@subsection=\count184
\c@subsubsection=\count185
\c@paragraph=\count186
\c@subparagraph=\count187
\c@figure=\count188
\c@table=\count189
\abovecaptionskip=\skip47
\belowcaptionskip=\skip48
\bibindent=\dimen138
)
(C:\Users\Udonna\AppData\Local\Programs\MiKTeX\tex/latex/l3backend\l3backend-pd
ftex.def
File: l3backend-pdftex.def 2021-10-18 L3 backend support: PDF output (pdfTeX)
\l__color_backend_stack_int=\count190
\l__pdf_internal_box=\box50
) (exercise 6.aux)
\openout1 = `"exercise 6.aux"'.

LaTeX Font Info:    Checking defaults for OML/cmm/m/it on input line 3.
LaTeX Font Info:    ... okay on input line 3.
LaTeX Font Info:    Checking defaults for OMS/cmsy/m/n on input line 3.
LaTeX Font Info:    ... okay on input line 3.
LaTeX Font Info:    Checking defaults for OT1/cmr/m/n on input line 3.
LaTeX Font Info:    ... okay on input line 3.
LaTeX Font Info:    Checking defaults for T1/cmr/m/n on input line 3.
LaTeX Font Info:    ... okay on input line 3.
LaTeX Font Info:    Checking defaults for TS1/cmr/m/n on input line 3.
LaTeX Font Info:    ... okay on input line 3.
LaTeX Font Info:    Checking defaults for OMX/cmex/m/n on input line 3.
LaTeX Font Info:    ... okay on input line 3.
LaTeX Font Info:    Checking defaults for U/cmr/m/n on input line 3.
LaTeX Font Info:    ... okay on input line 3.
LaTeX Font Info:    External font `cmex10' loaded for size
(Font)              <12> on input line 6.
LaTeX Font Info:    External font `cmex10' loaded for size
(Font)              <8> on input line 6.
LaTeX Font Info:    External font `cmex10' loaded for size
(Font)              <6> on input line 6.


LaTeX Warning: No \author given.


LaTeX Warning: Citation `peng2020inertial' on page 1 undefined on input line 11
.

[1

{C:/Users/Udonna/AppData/Local/MiKTeX/pdftex/config/pdftex.map}]
(exercise 6.bbl
! Misplaced alignment tab character &.
l.27   4.0 &
             IoT}, pp.~479--484, 2020.
I can't figure out why you would want to use a tab mark
here. If you just want an ampersand, the remedy is
simple: Just type `I\&' now. But if some right brace
up above has ended a previous alignment prematurely,
you're probably due for more error messages, and you
might try typing `S' now just to see what is salvageable.

) [2] (exercise 6.aux)

LaTeX Warning: There were undefined references.

 ) 
Here is how much of TeX's memory you used:
 436 strings out of 478907
 7997 string characters out of 2851417
 302808 words of memory out of 3000000
 18383 multiletter control sequences out of 15000+600000
 407724 words of font info for 41 fonts, out of 8000000 for 9000
 1141 hyphenation exceptions out of 8191
 34i,6n,41p,987b,197s stack positions out of 5000i,500n,10000p,200000b,80000s
<C:/Users/Udonna/AppData/Local/Programs/MiKTeX/fonts/type1/public/amsfonts/cm
/cmbx10.pfb><C:/Users/Udonna/AppData/Local/Programs/MiKTeX/fonts/type1/public/a
msfonts/cm/cmbx12.pfb><C:/Users/Udonna/AppData/Local/Programs/MiKTeX/fonts/type
1/public/amsfonts/cm/cmr10.pfb><C:/Users/Udonna/AppData/Local/Programs/MiKTeX/f
onts/type1/public/amsfonts/cm/cmr12.pfb><C:/Users/Udonna/AppData/Local/Programs
/MiKTeX/fonts/type1/public/amsfonts/cm/cmr17.pfb><C:/Users/Udonna/AppData/Local
/Programs/MiKTeX/fonts/type1/public/amsfonts/cm/cmti10.pfb>
Output written on "exercise 6.pdf" (2 pages, 90574 bytes).
PDF statistics:
 39 PDF objects out of 1000 (max. 8388607)
 0 named destinations out of 1000 (max. 500000)
 1 words of extra memory for PDF output out of 10000 (max. 10000000)

